SF:lib\app\core\extensions\dartz_extensions.dart
DA:4,2
DA:6,2
DA:7,1
DA:8,1
DA:11,2
DA:19,3
DA:21,3
DA:22,3
DA:25,1
DA:33,1
DA:34,1
DA:35,2
LF:12
LH:12
end_of_record
SF:lib\app\core\stores\auth_store.dart
DA:18,1
DA:23,1
DA:24,1
DA:26,1
DA:27,1
DA:29,1
DA:30,3
DA:31,1
DA:32,1
DA:33,1
DA:34,1
DA:40,1
DA:41,3
DA:42,1
DA:43,1
DA:46,1
DA:47,1
LF:17
LH:17
end_of_record
SF:lib\app\core\stores\auth_store.g.dart
DA:9,0
DA:24,1
DA:25,1
DA:26,3
DA:27,1
DA:31,1
DA:33,2
DA:34,1
DA:37,1
DA:39,4
DA:40,1
DA:47,1
DA:49,2
DA:52,1
DA:54,2
DA:58,0
DA:61,0
DA:62,0
DA:63,0
LF:19
LH:14
end_of_record
SF:lib\app\modules\login\domain\errors\errors.dart
DA:7,5
DA:12,2
DA:17,2
DA:22,4
DA:27,2
DA:32,3
DA:38,2
DA:43,1
LF:8
LH:8
end_of_record
SF:lib\app\modules\login\domain\usecases\get_logged_user.dart
DA:17,1
DA:20,1
DA:21,3
LF:3
LH:3
end_of_record
SF:lib\app\modules\login\domain\usecases\get_logged_user.g.dart
DA:9,0
LF:1
LH:0
end_of_record
SF:lib\app\modules\login\domain\usecases\logout.dart
DA:16,1
DA:19,1
DA:20,3
LF:3
LH:3
end_of_record
SF:lib\app\modules\login\domain\usecases\logout.g.dart
DA:9,0
LF:1
LH:0
end_of_record
SF:lib\app\modules\air_conditioner\air_conditioner_module.dart
DA:13,3
DA:14,3
DA:15,3
DA:16,5
DA:17,7
DA:18,6
DA:19,7
DA:20,9
DA:23,0
DA:24,0
DA:25,0
LF:11
LH:8
end_of_record
SF:lib\app\modules\air_conditioner\domain\usecases\get_air_conditioner_item_model_list.dart
DA:21,2
DA:24,2
DA:26,4
DA:27,1
DA:29,6
DA:33,2
DA:34,6
DA:35,2
DA:36,2
DA:39,1
DA:40,2
DA:44,1
DA:45,1
DA:47,2
DA:48,4
DA:49,1
DA:50,1
DA:53,1
DA:54,1
DA:55,1
DA:61,1
DA:62,3
DA:64,1
LF:23
LH:23
end_of_record
SF:lib\app\modules\air_conditioner\presenter\ar_conditioner_store.g.dart
DA:14,1
DA:16,2
DA:17,1
DA:20,2
DA:22,8
DA:23,2
DA:30,2
DA:32,4
DA:35,2
DA:37,4
DA:41,0
DA:44,0
DA:45,0
LF:13
LH:10
end_of_record
SF:lib\app\modules\air_conditioner\presenter\ar_conditioner_store.dart
DA:14,2
DA:15,4
DA:21,2
DA:22,2
DA:24,2
DA:25,2
DA:26,4
DA:28,4
DA:30,8
DA:33,2
DA:34,6
DA:35,8
DA:38,1
DA:39,3
LF:14
LH:14
end_of_record
SF:lib\app\modules\air_conditioner\utils\json_serializer.dart
DA:11,1
DA:13,1
DA:17,1
DA:19,1
DA:23,1
DA:25,1
DA:27,2
DA:28,1
DA:29,1
LF:9
LH:9
end_of_record
SF:lib\app\modules\air_conditioner\external\datasources\air_conditioner_hasura_datasource.dart
DA:18,2
DA:21,2
DA:22,6
DA:24,2
DA:27,2
DA:29,2
DA:35,3
DA:36,3
DA:37,1
DA:39,1
DA:43,1
DA:44,2
DA:49,1
DA:50,3
DA:52,1
DA:54,1
DA:55,1
DA:57,1
DA:63,2
DA:64,3
DA:65,1
DA:67,1
DA:71,1
DA:72,2
DA:76,1
DA:77,2
LF:26
LH:26
end_of_record
SF:lib\app\modules\air_conditioner\infra\repositories\air_conditioner_repository_impl.dart
DA:12,2
DA:15,2
DA:17,6
DA:18,1
DA:19,2
DA:20,1
DA:22,6
DA:27,1
DA:29,3
DA:30,1
DA:31,1
DA:32,1
DA:34,3
LF:13
LH:13
end_of_record
SF:lib\app\modules\air_conditioner\presenter\air_conditioner_page.dart
DA:9,0
DA:11,0
DA:12,0
DA:18,0
DA:20,0
DA:22,0
DA:25,0
DA:26,0
DA:27,0
DA:29,0
DA:30,0
DA:31,0
DA:34,0
DA:35,0
DA:37,0
DA:38,0
DA:39,0
DA:40,0
DA:41,0
DA:43,0
DA:44,0
DA:48,0
DA:54,0
DA:55,0
DA:58,0
DA:60,0
DA:61,0
DA:62,0
LF:28
LH:0
end_of_record
SF:lib\app\modules\air_conditioner\domain\entities\air_conditioner_configuration.dart
DA:8,2
LF:1
LH:1
end_of_record
SF:lib\app\modules\air_conditioner\domain\entities\air_conditioner_item.dart
DA:10,1
LF:1
LH:1
end_of_record
SF:lib\app\modules\air_conditioner\domain\entities\air_conditioner_log.dart
DA:5,1
LF:1
LH:1
end_of_record
SF:lib\app\modules\air_conditioner\domain\entities\air_conditioner_log_json.dart
DA:10,0
LF:1
LH:0
end_of_record
SF:lib\app\modules\air_conditioner\domain\errors\errors.dart
DA:7,2
DA:12,4
DA:17,3
LF:3
LH:3
end_of_record
SF:lib\app\modules\air_conditioner\infra\models\air_conditioner_item_model.dart
DA:6,1
DA:10,1
LF:2
LH:2
end_of_record
SF:lib\app\modules\air_conditioner\infra\models\air_conditioner_log_json_model.dart
DA:6,0
DA:14,0
LF:2
LH:0
end_of_record
SF:lib\app\modules\air_conditioner\infra\models\air_conditioner_configuration_model.dart
DA:6,2
DA:12,2
LF:2
LH:2
end_of_record
SF:lib\app\modules\air_conditioner\infra\models\air_conditioner_log_model.dart
DA:6,1
DA:9,1
LF:2
LH:2
end_of_record
SF:lib\app\modules\air_conditioner\presenter\widgets\air_conditioner_list_widget.dart
DA:14,0
DA:16,0
DA:17,0
DA:36,0
DA:37,0
DA:40,0
DA:41,0
DA:42,0
DA:43,0
DA:45,0
DA:46,0
DA:49,0
DA:50,0
DA:51,0
DA:52,0
DA:53,0
DA:55,0
DA:56,0
DA:58,0
DA:64,0
DA:65,0
DA:67,0
DA:68,0
DA:72,0
DA:73,0
DA:74,0
DA:75,0
DA:76,0
DA:88,0
DA:89,0
DA:90,0
DA:91,0
DA:92,0
DA:94,0
DA:95,0
DA:97,0
DA:98,0
DA:99,0
DA:100,0
DA:105,0
DA:107,0
DA:108,0
DA:109,0
DA:111,0
DA:112,0
DA:113,0
DA:115,0
DA:116,0
DA:117,0
DA:118,0
DA:124,0
DA:125,0
DA:126,0
DA:128,0
DA:129,0
DA:131,0
DA:132,0
DA:133,0
DA:134,0
DA:137,0
DA:138,0
DA:139,0
DA:140,0
DA:141,0
DA:142,0
DA:145,0
DA:146,0
DA:147,0
DA:148,0
DA:149,0
DA:150,0
DA:153,0
DA:154,0
DA:155,0
DA:156,0
DA:157,0
DA:158,0
DA:161,0
DA:162,0
DA:163,0
DA:164,0
DA:165,0
DA:166,0
DA:169,0
DA:170,0
DA:171,0
DA:172,0
DA:173,0
DA:174,0
DA:175,0
DA:176,0
DA:184,0
DA:186,0
DA:201,0
DA:203,0
DA:204,0
DA:205,0
DA:206,0
DA:207,0
DA:209,0
DA:210,0
DA:211,0
DA:219,0
DA:233,0
DA:234,0
LF:105
LH:0
end_of_record
SF:lib\app\modules\air_conditioner\presenter\states\air_conditioner_states.dart
DA:7,2
DA:11,2
DA:16,2
DA:21,1
LF:4
LH:4
end_of_record
SF:lib\app\modules\air_conditioner\domain\usecases\get_air_conditioner_configuration_list.dart
DA:13,1
DA:16,1
DA:18,2
DA:20,2
LF:4
LH:4
end_of_record
SF:lib\app\modules\login\domain\entities\login_credential.dart
DA:11,4
DA:13,6
DA:14,7
DA:16,14
DA:17,8
DA:18,8
DA:20,2
DA:21,2
DA:27,2
DA:28,2
DA:33,2
DA:34,2
LF:12
LH:12
end_of_record
SF:lib\main.mapper.g.dart
DA:34,137
DA:39,1
DA:40,1
DA:44,3
DA:47,1
DA:48,1
DA:49,1
DA:50,1
DA:51,1
DA:52,1
DA:53,1
DA:54,1
DA:55,1
DA:57,1
DA:61,1
DA:62,1
DA:63,7
DA:64,1
LF:18
LH:18
end_of_record
SF:lib\app\modules\login\infra\models\user_model.dart
DA:7,7
DA:8,7
DA:10,0
LF:3
LH:2
end_of_record
SF:lib\app\modules\login\domain\entities\logged_user.dart
DA:8,7
DA:10,0
DA:11,0
LF:3
LH:1
end_of_record
SF:lib\app\modules\login\domain\usecases\login_with_email.dart
DA:21,1
DA:24,1
DA:25,3
DA:27,1
DA:28,1
DA:31,1
DA:32,2
DA:33,1
DA:34,2
DA:37,3
DA:38,1
DA:39,1
LF:12
LH:12
end_of_record
SF:lib\app\modules\login\domain\usecases\login_with_email.g.dart
DA:9,0
LF:1
LH:0
end_of_record
SF:lib\app\modules\login\domain\usecases\login_with_google.dart
DA:20,1
DA:23,1
DA:24,3
DA:26,1
DA:27,1
DA:30,3
LF:6
LH:6
end_of_record
SF:lib\app\modules\login\domain\usecases\login_with_google.g.dart
DA:9,0
LF:1
LH:0
end_of_record
SF:lib\app\modules\login\domain\usecases\login_with_phone.dart
DA:19,1
DA:22,1
DA:24,1
DA:25,2
DA:27,3
DA:29,1
DA:30,1
DA:32,4
LF:8
LH:8
end_of_record
SF:lib\app\modules\login\domain\usecases\login_with_phone.g.dart
DA:9,0
LF:1
LH:0
end_of_record
SF:lib\app\modules\login\domain\usecases\verify_phone_code.dart
DA:20,1
DA:23,1
DA:24,1
DA:25,2
DA:26,1
DA:27,2
DA:30,3
DA:32,1
DA:33,1
DA:36,3
DA:37,1
DA:38,1
LF:12
LH:12
end_of_record
SF:lib\app\modules\login\domain\usecases\verify_phone_code.g.dart
DA:9,0
LF:1
LH:0
end_of_record
SF:lib\app\modules\login\external\drivers\flutter_connectivity_driver_impl.dart
DA:11,1
DA:14,1
DA:15,3
DA:16,1
DA:17,1
LF:5
LH:5
end_of_record
SF:lib\app\modules\login\external\drivers\flutter_connectivity_driver_impl.g.dart
DA:9,0
LF:1
LH:0
end_of_record
SF:lib\app\modules\login\external\datasources\firebase_datasource.dart
DA:17,1
DA:20,1
DA:21,3
DA:26,3
DA:27,1
DA:28,1
DA:29,1
DA:30,1
DA:31,1
DA:36,1
DA:37,3
DA:38,1
DA:39,1
DA:40,1
DA:41,1
DA:42,1
DA:47,1
DA:48,1
DA:49,3
DA:51,1
DA:52,1
DA:53,1
DA:55,1
DA:56,1
DA:58,1
DA:59,2
DA:61,1
DA:64,2
DA:65,3
DA:66,1
DA:67,1
DA:68,1
DA:69,1
DA:70,1
DA:75,1
DA:76,1
DA:77,3
DA:78,1
DA:79,1
DA:80,1
DA:81,1
DA:82,1
DA:87,1
DA:88,2
DA:90,1
DA:92,1
DA:93,1
DA:94,1
DA:95,1
DA:100,1
DA:101,3
DA:102,3
LF:52
LH:52
end_of_record
SF:lib\app\modules\login\external\datasources\firebase_datasource.g.dart
DA:9,0
LF:1
LH:0
end_of_record
SF:lib\app\modules\login\external\drivers\google_athenticator_driver_impl.dart
DA:14,1
DA:16,1
DA:17,2
DA:18,2
DA:21,3
DA:24,1
DA:25,2
DA:30,2
DA:31,1
DA:32,1
DA:33,1
DA:39,1
DA:40,2
DA:44,2
LF:14
LH:14
end_of_record
SF:lib\app\modules\login\external\drivers\google_athenticator_driver_impl.g.dart
DA:9,0
LF:1
LH:0
end_of_record
SF:lib\app\modules\login\infra\repositories\login_repository_impl.dart
DA:14,1
DA:17,1
DA:19,3
DA:20,1
DA:22,4
DA:27,1
DA:29,3
DA:30,1
DA:32,4
DA:37,1
DA:39,3
DA:40,1
DA:41,1
DA:42,1
DA:44,2
DA:49,1
DA:51,3
DA:52,1
DA:54,2
DA:59,1
DA:61,3
DA:62,1
DA:64,2
DA:69,1
DA:71,3
DA:72,1
DA:74,2
LF:27
LH:27
end_of_record
SF:lib\app\modules\login\infra\repositories\login_repository_impl.g.dart
DA:9,0
LF:1
LH:0
end_of_record
SF:lib\app\modules\login\infra\services\connectivity_service_impl.dart
DA:14,1
DA:17,1
DA:19,3
DA:21,1
DA:24,1
DA:25,1
DA:26,1
DA:28,2
LF:8
LH:8
end_of_record
SF:lib\app\modules\login\infra\services\connectivity_service_impl.g.dart
DA:9,0
LF:1
LH:0
end_of_record
